[    0.000000] Initializing cgroup subsys cpuset
[    0.000000] Initializing cgroup subsys cpu
[    0.000000] Initializing cgroup subsys cpuacct
[    0.000000] Linux version 4.4.0-154-generic (buildd@lgw01-amd64-049) (gcc version 5.4.0 20160609 (Ubuntu 5.4.0-6ubuntu1~16.04.10) ) #181-Ubuntu SMP Tue Jun 25 05:29:03 UTC 2019 (Ubuntu 4.4.0-154.181-generic 4.4.179)
[    0.000000] Command line: BOOT_IMAGE=/boot/vmlinuz-4.4.0-154-generic root=LABEL=cloudimg-rootfs ro console=tty1 console=ttyS0
[    0.000000] KERNEL supported cpus:
[    0.000000]   Intel GenuineIntel
[    0.000000]   AMD AuthenticAMD
[    0.000000]   Centaur CentaurHauls
[    0.000000] x86/fpu: xstate_offset[2]:  576, xstate_sizes[2]:  256
[    0.000000] x86/fpu: Supporting XSAVE feature 0x01: 'x87 floating point registers'
[    0.000000] x86/fpu: Supporting XSAVE feature 0x02: 'SSE registers'
[    0.000000] x86/fpu: Supporting XSAVE feature 0x04: 'AVX registers'
[    0.000000] x86/fpu: Enabled xstate features 0x7, context size is 832 bytes, using 'standard' format.
[    0.000000] e820: BIOS-provided physical RAM map:
[    0.000000] BIOS-e820: [mem 0x0000000000000000-0x000000000009fbff] usable
[    0.000000] BIOS-e820: [mem 0x000000000009fc00-0x000000000009ffff] reserved
[    0.000000] BIOS-e820: [mem 0x00000000000f0000-0x00000000000fffff] reserved
[    0.000000] BIOS-e820: [mem 0x0000000000100000-0x000000003ffeffff] usable
[    0.000000] BIOS-e820: [mem 0x000000003fff0000-0x000000003fffffff] ACPI data
[    0.000000] BIOS-e820: [mem 0x00000000fec00000-0x00000000fec00fff] reserved
[    0.000000] BIOS-e820: [mem 0x00000000fee00000-0x00000000fee00fff] reserved
[    0.000000] BIOS-e820: [mem 0x00000000fffc0000-0x00000000ffffffff] reserved
[    0.000000] NX (Execute Disable) protection: active
[    0.000000] SMBIOS 2.5 present.
[    0.000000] Hypervisor detected: KVM
[    0.000000] e820: last_pfn = 0x3fff0 max_arch_pfn = 0x400000000
[    0.000000] MTRR: Disabled
[    0.000000] x86/PAT: MTRRs disabled, skipping PAT initialization too.
[    0.000000] CPU MTRRs all blank - virtualized system.
[    0.000000] x86/PAT: Configuration [0-7]: WB  WT  UC- UC  WB  WT  UC- UC  
[    0.000000] found SMP MP-table at [mem 0x0009fff0-0x0009ffff] mapped at [ffff88000009fff0]
[    0.000000] Scanning 1 areas for low memory corruption
[    0.000000] RAMDISK: [mem 0x362fc000-0x37175fff]
[    0.000000] ACPI: Early table checksum verification disabled
[    0.000000] ACPI: RSDP 0x00000000000E0000 000024 (v02 VBOX  )
[    0.000000] ACPI: XSDT 0x000000003FFF0030 00003C (v01 VBOX   VBOXXSDT 00000001 ASL  00000061)
[    0.000000] ACPI: FACP 0x000000003FFF00F0 0000F4 (v04 VBOX   VBOXFACP 00000001 ASL  00000061)
[    0.000000] ACPI: DSDT 0x000000003FFF0470 0022EA (v02 VBOX   VBOXBIOS 00000002 INTL 20100528)
[    0.000000] ACPI: FACS 0x000000003FFF0200 000040
[    0.000000] ACPI: FACS 0x000000003FFF0200 000040
[    0.000000] ACPI: APIC 0x000000003FFF0240 00005C (v02 VBOX   VBOXAPIC 00000001 ASL  00000061)
[    0.000000] ACPI: SSDT 0x000000003FFF02A0 0001CC (v01 VBOX   VBOXCPUT 00000002 INTL 20100528)
[    0.000000] No NUMA configuration found
[    0.000000] Faking a node at [mem 0x0000000000000000-0x000000003ffeffff]
[    0.000000] NODE_DATA(0) allocated [mem 0x3ffeb000-0x3ffeffff]
[    0.000000] kvm-clock: Using msrs 4b564d01 and 4b564d00
[    0.000000] kvm-clock: cpu 0, msr 0:3ffe3001, primary cpu clock
[    0.000000] kvm-clock: using sched offset of 3660579148 cycles
[    0.000000] clocksource: kvm-clock: mask: 0xffffffffffffffff max_cycles: 0x1cd42e4dffb, max_idle_ns: 881590591483 ns
[    0.000000] Zone ranges:
[    0.000000]   DMA      [mem 0x0000000000001000-0x0000000000ffffff]
[    0.000000]   DMA32    [mem 0x0000000001000000-0x000000003ffeffff]
[    0.000000]   Normal   empty
[    0.000000]   Device   empty
[    0.000000] Movable zone start for each node
[    0.000000] Early memory node ranges
[    0.000000]   node   0: [mem 0x0000000000001000-0x000000000009efff]
[    0.000000]   node   0: [mem 0x0000000000100000-0x000000003ffeffff]
[    0.000000] Initmem setup node 0 [mem 0x0000000000001000-0x000000003ffeffff]
[    0.000000] ACPI: PM-Timer IO Port: 0x4008
[    0.000000] IOAPIC[0]: apic_id 2, version 32, address 0xfec00000, GSI 0-23
[    0.000000] ACPI: INT_SRC_OVR (bus 0 bus_irq 0 global_irq 2 dfl dfl)
[    0.000000] ACPI: INT_SRC_OVR (bus 0 bus_irq 9 global_irq 9 low level)
[    0.000000] Using ACPI (MADT) for SMP configuration information
[    0.000000] smpboot: Allowing 2 CPUs, 0 hotplug CPUs
[    0.000000] PM: Registered nosave memory: [mem 0x00000000-0x00000fff]
[    0.000000] PM: Registered nosave memory: [mem 0x0009f000-0x0009ffff]
[    0.000000] PM: Registered nosave memory: [mem 0x000a0000-0x000effff]
[    0.000000] PM: Registered nosave memory: [mem 0x000f0000-0x000fffff]
[    0.000000] e820: [mem 0x40000000-0xfebfffff] available for PCI devices
[    0.000000] Booting paravirtualized kernel on KVM
[    0.000000] clocksource: refined-jiffies: mask: 0xffffffff max_cycles: 0xffffffff, max_idle_ns: 7645519600211568 ns
[    0.000000] setup_percpu: NR_CPUS:512 nr_cpumask_bits:512 nr_cpu_ids:2 nr_node_ids:1
[    0.000000] PERCPU: Embedded 34 pages/cpu @ffff88003fc00000 s99480 r8192 d31592 u1048576
[    0.000000] Built 1 zonelists in Node order, mobility grouping on.  Total pages: 257912
[    0.000000] Policy zone: DMA32
[    0.000000] Kernel command line: BOOT_IMAGE=/boot/vmlinuz-4.4.0-154-generic root=LABEL=cloudimg-rootfs ro console=tty1 console=ttyS0
[    0.000000] PID hash table entries: 4096 (order: 3, 32768 bytes)
[    0.000000] Memory: 997736K/1048120K available (8613K kernel code, 1335K rwdata, 4028K rodata, 1484K init, 1284K bss, 50384K reserved, 0K cma-reserved)
[    0.000000] SLUB: HWalign=64, Order=0-3, MinObjects=0, CPUs=2, Nodes=1
[    0.000000] Kernel/User page tables isolation: enabled
[    0.000000] Hierarchical RCU implementation.
[    0.000000] 	Build-time adjustment of leaf fanout to 64.
[    0.000000] 	RCU restricting CPUs from NR_CPUS=512 to nr_cpu_ids=2.
[    0.000000] RCU: Adjusting geometry for rcu_fanout_leaf=64, nr_cpu_ids=2
[    0.000000] NR_IRQS:33024 nr_irqs:440 16
[    0.000000] Console: colour VGA+ 80x25
[    0.000000] console [tty1] enabled
[    0.000000] console [ttyS0] enabled
[    0.000000] tsc: Detected 2693.764 MHz processor
[    0.129799] Calibrating delay loop (skipped) preset value.. 5387.52 BogoMIPS (lpj=10775056)
[    0.131368] pid_max: default: 32768 minimum: 301
[    0.132210] ACPI: Core revision 20150930
[    0.133780] ACPI: 2 ACPI AML tables successfully acquired and loaded
[    0.135001] Security Framework initialized
[    0.135769] Yama: becoming mindful.
[    0.136490] AppArmor: AppArmor initialized
[    0.137352] Dentry cache hash table entries: 131072 (order: 8, 1048576 bytes)
[    0.140045] Inode-cache hash table entries: 65536 (order: 7, 524288 bytes)
[    0.141626] Mount-cache hash table entries: 2048 (order: 2, 16384 bytes)
[    0.142876] Mountpoint-cache hash table entries: 2048 (order: 2, 16384 bytes)
[    0.144311] Initializing cgroup subsys io
[    0.145212] Initializing cgroup subsys memory
[    0.146109] Initializing cgroup subsys devices
[    0.147010] Initializing cgroup subsys freezer
[    0.147931] Initializing cgroup subsys net_cls
[    0.148988] Initializing cgroup subsys perf_event
[    0.150103] Initializing cgroup subsys net_prio
[    0.151034] Initializing cgroup subsys hugetlb
[    0.151937] Initializing cgroup subsys pids
[    0.153762] mce: CPU supports 0 MCE banks
[    0.154633] Last level iTLB entries: 4KB 1024, 2MB 1024, 4MB 1024
[    0.155924] Last level dTLB entries: 4KB 1024, 2MB 1024, 4MB 1024, 1GB 4
[    0.157228] Spectre V2 : Mitigation: Full generic retpoline
[    0.158432] Spectre V2 : Spectre v2 / SpectreRSB mitigation: Filling RSB on context switch
[    0.160162] Speculative Store Bypass: Vulnerable
[    0.161325] MDS: Vulnerable: Clear CPU buffers attempted, no microcode
[    0.165614] Freeing SMP alternatives memory: 36K
[    0.172410] ftrace: allocating 32299 entries in 127 pages
[    0.230436] smpboot: APIC(0) Converting physical 0 to logical package 0
[    0.232026] smpboot: Max logical packages: 1
[    0.233318] x2apic enabled
[    0.234315] Switched APIC routing to physical x2apic.
[    0.236572] ..TIMER: vector=0x30 apic1=0 pin1=2 apic2=-1 pin2=-1
[    0.345435] smpboot: CPU0: Intel(R) Core(TM) i5-4570R CPU @ 2.70GHz (family: 0x6, model: 0x46, stepping: 0x1)
[    0.348027] Performance Events: unsupported p6 CPU model 70 no PMU driver, software events only.
[    0.361166] KVM setup paravirtual spinlock
[    0.362906] x86: Booting SMP configuration:
[    0.363886] .... node  #0, CPUs:      #1
[    0.365037] kvm-clock: cpu 1, msr 0:3ffe3041, secondary cpu clock
[    0.366803] mce: CPU supports 0 MCE banks
[    0.369443] x86: Booted up 1 node, 2 CPUs
[    0.370606] smpboot: Total of 2 processors activated (10775.05 BogoMIPS)
[    0.372563] devtmpfs: initialized
[    0.375653] evm: security.selinux
[    0.376601] evm: security.SMACK64
[    0.377497] evm: security.SMACK64EXEC
[    0.378402] evm: security.SMACK64TRANSMUTE
[    0.379280] evm: security.SMACK64MMAP
[    0.380107] evm: security.ima
[    0.380990] evm: security.capability
[    0.382221] clocksource: jiffies: mask: 0xffffffff max_cycles: 0xffffffff, max_idle_ns: 7645041785100000 ns
[    0.383946] futex hash table entries: 512 (order: 3, 32768 bytes)
[    0.385198] pinctrl core: initialized pinctrl subsystem
[    0.386240] RTC time:  6:52:36, date: 07/05/19
[    0.387242] NET: Registered protocol family 16
[    0.397598] cpuidle: using governor ladder
[    0.409851] cpuidle: using governor menu
[    0.410853] PCCT header not found.
[    0.411873] ACPI: bus type PCI registered
[    0.413149] acpiphp: ACPI Hot Plug PCI Controller Driver version: 0.5
[    0.414537] PCI: Using configuration type 1 for base access
[    0.426524] ACPI: Added _OSI(Module Device)
[    0.427569] ACPI: Added _OSI(Processor Device)
[    0.428655] ACPI: Added _OSI(3.0 _SCP Extensions)
[    0.429824] ACPI: Added _OSI(Processor Aggregator Device)
[    0.431591] ACPI: Executed 1 blocks of module-level executable AML code
[    0.434963] ACPI: Interpreter enabled
[    0.435967] ACPI: (supports S0 S5)
[    0.436896] ACPI: Using IOAPIC for interrupt routing
[    0.438514] PCI: Using host bridge windows from ACPI; if necessary, use "pci=nocrs" and report a bug
[    0.444139] ACPI: PCI Root Bridge [PCI0] (domain 0000 [bus 00-ff])
[    0.445615] acpi PNP0A03:00: _OSC: OS supports [ASPM ClockPM Segments MSI]
[    0.447525] acpi PNP0A03:00: _OSC: not requesting OS control; OS requires [ExtendedConfig ASPM ClockPM MSI]
[    0.449700] acpi PNP0A03:00: fail to add MMCONFIG information, can't access extended PCI configuration space under this bridge.
[    0.451942] PCI host bridge to bus 0000:00
[    0.452715] pci_bus 0000:00: root bus resource [io  0x0000-0x0cf7 window]
[    0.453918] pci_bus 0000:00: root bus resource [io  0x0d00-0xffff window]
[    0.455040] pci_bus 0000:00: root bus resource [mem 0x000a0000-0x000bffff window]
[    0.456446] pci_bus 0000:00: root bus resource [mem 0x40000000-0xfdffffff window]
[    0.457968] pci_bus 0000:00: root bus resource [bus 00-ff]
[    0.460616] pci 0000:00:01.1: legacy IDE quirk: reg 0x10: [io  0x01f0-0x01f7]
[    0.462048] pci 0000:00:01.1: legacy IDE quirk: reg 0x14: [io  0x03f6]
[    0.463324] pci 0000:00:01.1: legacy IDE quirk: reg 0x18: [io  0x0170-0x0177]
[    0.464734] pci 0000:00:01.1: legacy IDE quirk: reg 0x1c: [io  0x0376]
[    0.478602] pci 0000:00:07.0: quirk: [io  0x4000-0x403f] claimed by PIIX4 ACPI
[    0.489472] pci 0000:00:07.0: quirk: [io  0x4100-0x410f] claimed by PIIX4 SMB
[    0.500308] ACPI: PCI Interrupt Link [LNKA] (IRQs 5 9 10 *11)
[    0.502235] ACPI: PCI Interrupt Link [LNKB] (IRQs 5 9 *10 11)
[    0.504108] ACPI: PCI Interrupt Link [LNKC] (IRQs 5 *9 10 11)
[    0.505826] ACPI: PCI Interrupt Link [LNKD] (IRQs 5 9 10 *11)
[    0.507495] ACPI: Enabled 2 GPEs in block 00 to 07
[    0.508960] vgaarb: setting as boot device: PCI:0000:00:02.0
[    0.510339] vgaarb: device added: PCI:0000:00:02.0,decodes=io+mem,owns=io+mem,locks=none
[    0.512040] vgaarb: loaded
[    0.512627] vgaarb: bridge control possible 0000:00:02.0
[    0.513872] SCSI subsystem initialized
[    0.514710] ACPI: bus type USB registered
[    0.515494] usbcore: registered new interface driver usbfs
[    0.516462] usbcore: registered new interface driver hub
[    0.517613] usbcore: registered new device driver usb
[    0.518948] PCI: Using ACPI for IRQ routing
[    0.520043] NetLabel: Initializing
[    0.520726] NetLabel:  domain hash size = 128
[    0.521726] NetLabel:  protocols = UNLABELED CIPSOv4
[    0.523876] NetLabel:  unlabeled traffic allowed by default
[    0.525057] amd_nb: Cannot enumerate AMD northbridges
[    0.526179] clocksource: Switched to clocksource kvm-clock
[    0.534483] AppArmor: AppArmor Filesystem Enabled
[    0.535543] pnp: PnP ACPI init
[    0.537071] pnp: PnP ACPI: found 3 devices
[    0.547810] clocksource: acpi_pm: mask: 0xffffff max_cycles: 0xffffff, max_idle_ns: 2085701024 ns
[    0.549848] NET: Registered protocol family 2
[    0.551041] TCP established hash table entries: 8192 (order: 4, 65536 bytes)
[    0.552580] TCP bind hash table entries: 8192 (order: 5, 131072 bytes)
[    0.554095] TCP: Hash tables configured (established 8192 bind 8192)
[    0.555392] UDP hash table entries: 512 (order: 2, 16384 bytes)
[    0.556408] UDP-Lite hash table entries: 512 (order: 2, 16384 bytes)
[    0.557989] NET: Registered protocol family 1
[    0.558958] pci 0000:00:00.0: Limiting direct PCI/PCI transfers
[    0.560237] pci 0000:00:01.0: Activating ISA DMA hang workarounds
[    0.561677] Unpacking initramfs...
[    0.768920] Freeing initrd memory: 14824K
[    0.770028] clocksource: tsc: mask: 0xffffffffffffffff max_cycles: 0x26d43bb7f27, max_idle_ns: 440795270902 ns
[    0.772349] platform rtc_cmos: registered platform RTC device (no PNP device found)
[    0.773846] Scanning for low memory corruption every 60 seconds
[    0.776086] audit: initializing netlink subsys (disabled)
[    0.777264] audit: type=2000 audit(1562309561.105:1): initialized
[    0.778777] Initialise system trusted keyring
[    0.780016] HugeTLB registered 2 MB page size, pre-allocated 0 pages
[    0.782417] zbud: loaded
[    0.783463] VFS: Disk quotas dquot_6.6.0
[    0.784486] VFS: Dquot-cache hash table entries: 512 (order 0, 4096 bytes)
[    0.786156] squashfs: version 4.0 (2009/01/31) Phillip Lougher
[    0.787799] fuse init (API version 7.23)
[    0.788997] Key type big_key registered
[    0.789885] Allocating IMA MOK and blacklist keyrings.
[    0.792441] Key type asymmetric registered
[    0.793391] Asymmetric key parser 'x509' registered
[    0.794504] Block layer SCSI generic (bsg) driver version 0.4 loaded (major 249)
[    0.796417] io scheduler noop registered
[    0.797380] io scheduler deadline registered (default)
[    0.798407] io scheduler cfq registered
[    0.799345] pci_hotplug: PCI Hot Plug PCI Core version: 0.5
[    0.800387] pciehp: PCI Express Hot Plug Controller Driver version: 0.4
[    0.801759] ACPI: AC Adapter [AC] (on-line)
[    0.802834] input: Power Button as /devices/LNXSYSTM:00/LNXPWRBN:00/input/input0
[    0.804670] ACPI: Power Button [PWRF]
[    0.805642] input: Sleep Button as /devices/LNXSYSTM:00/LNXSLPBN:00/input/input1
[    0.807332] ACPI: Sleep Button [SLPF]
[    0.808418] GHES: HEST is not enabled!
[    0.809531] Serial: 8250/16550 driver, 32 ports, IRQ sharing enabled
[    0.831551] 00:02: ttyS0 at I/O 0x3f8 (irq = 4, base_baud = 115200) is a 16550A
[    0.836144] Linux agpgart interface v0.103
[    0.838519] loop: module loaded
[    0.839708] scsi host0: ata_piix
[    0.840657] scsi host1: ata_piix
[    0.841477] ata1: PATA max UDMA/33 cmd 0x1f0 ctl 0x3f6 bmdma 0xd000 irq 14
[    0.842955] ata2: PATA max UDMA/33 cmd 0x170 ctl 0x376 bmdma 0xd008 irq 15
[    0.844534] libphy: Fixed MDIO Bus: probed
[    0.845535] tun: Universal TUN/TAP device driver, 1.6
[    0.846762] tun: (C) 1999-2004 Max Krasnyansky <maxk@qualcomm.com>
[    0.848437] PPP generic driver version 2.4.2
[    0.849516] ehci_hcd: USB 2.0 'Enhanced' Host Controller (EHCI) Driver
[    0.851042] ehci-pci: EHCI PCI platform driver
[    0.852187] ehci-platform: EHCI generic platform driver
[    0.853462] ohci_hcd: USB 1.1 'Open' Host Controller (OHCI) Driver
[    0.854862] ohci-pci: OHCI PCI platform driver
[    0.855906] ohci-platform: OHCI generic platform driver
[    0.857094] uhci_hcd: USB Universal Host Controller Interface driver
[    0.858548] i8042: PNP: PS/2 Controller [PNP0303:PS2K,PNP0f03:PS2M] at 0x60,0x64 irq 1,12
[    0.860813] serio: i8042 KBD port at 0x60,0x64 irq 1
[    0.861849] serio: i8042 AUX port at 0x60,0x64 irq 12
[    0.863157] mousedev: PS/2 mouse device common for all mice
[    0.864697] input: AT Translated Set 2 keyboard as /devices/platform/i8042/serio0/input/input2
[    0.867309] rtc_cmos rtc_cmos: rtc core: registered rtc_cmos as rtc0
[    0.868639] rtc_cmos rtc_cmos: alarms up to one day, 114 bytes nvram
[    0.870012] i2c /dev entries driver
[    0.870962] device-mapper: uevent: version 1.0.3
[    0.872302] device-mapper: ioctl: 4.34.0-ioctl (2015-10-28) initialised: dm-devel@redhat.com
[    0.874435] ledtrig-cpu: registered to indicate activity on CPUs
[    0.875980] NET: Registered protocol family 10
[    0.877154] NET: Registered protocol family 17
[    0.878110] Key type dns_resolver registered
[    0.879804] registered taskstats version 1
[    0.880600] Loading compiled-in X.509 certificates
[    0.882037] Loaded X.509 cert 'Build time autogenerated kernel key: 65139e04a67245b562a838c28b5e7032abdd4348'
[    0.883869] zswap: loaded using pool lzo/zbud
[    0.886767] Key type trusted registered
[    0.891550] Key type encrypted registered
[    0.892685] AppArmor: AppArmor sha1 policy hashing enabled
[    0.893874] ima: No TPM chip found, activating TPM-bypass!
[    0.894964] ima: Allocated hash algorithm: sha1
[    0.895991] evm: HMAC attrs: 0x1
[    0.897216]   Magic number: 11:354:872
[    0.898313] rtc_cmos rtc_cmos: setting system clock to 2019-07-05 06:52:36 UTC (1562309556)
[    0.900515] BIOS EDD facility v0.16 2004-Jun-25, 0 devices found
[    0.901568] EDD information not available.
[    0.999586] Freeing unused kernel memory: 1484K
[    1.000671] Write protecting the kernel read-only data: 14336k
[    1.002414] Freeing unused kernel memory: 1616K
[    1.003692] Freeing unused kernel memory: 68K
Loading, please wait...
starting version 229
[    1.017479] random: systemd-udevd: uninitialized urandom read (16 bytes read, 2 bits of entropy available)
[    1.018130] random: udevadm: uninitialized urandom read (16 bytes read, 2 bits of entropy available)
[    1.018150] random: udevadm: uninitialized urandom read (16 bytes read, 2 bits of entropy available)
[    1.024054] random: systemd-udevd: uninitialized urandom read (16 bytes read, 2 bits of entropy available)
[    1.025506] random: udevadm: uninitialized urandom read (16 bytes read, 2 bits of entropy available)
[    1.025542] random: udevadm: uninitialized urandom read (16 bytes read, 2 bits of entropy available)
[    1.025652] random: udevadm: uninitialized urandom read (16 bytes read, 2 bits of entropy available)
[    1.025693] random: udevadm: uninitialized urandom read (16 bytes read, 2 bits of entropy available)
[    1.025735] random: udevadm: uninitialized urandom read (16 bytes read, 2 bits of entropy available)
[    1.025803] random: udevadm: uninitialized urandom read (16 bytes read, 2 bits of entropy available)
[    1.064023] e1000: Intel(R) PRO/1000 Network Driver - version 7.3.21-k8-NAPI
[    1.065484] e1000: Copyright (c) 1999-2006 Intel Corporation.
[    1.067893] Fusion MPT base driver 3.04.20
[    1.068852] Copyright (c) 1999-2008 LSI Corporation
[    1.073764] Fusion MPT SPI Host driver 3.04.20
[    1.089909] AVX2 version of gcm_enc/dec engaged.
[    1.091032] AES CTR mode by8 optimization enabled
[    1.275481] input: ImExPS/2 Generic Explorer Mouse as /devices/platform/i8042/serio1/input/input4
[    1.420672] e1000 0000:00:03.0 eth0: (PCI:33MHz:32-bit) 02:bd:e0:5c:30:55
[    1.422131] e1000 0000:00:03.0 eth0: Intel(R) PRO/1000 Network Connection
[    1.424429] mptbase: ioc0: Initiating bringup
[    1.486399] ioc0: LSI53C1030 A0: Capabilities={Initiator}
[    1.647641] scsi host2: ioc0: LSI53C1030 A0, FwRev=00000000h, Ports=1, MaxQ=256, IRQ=20
[    1.759653] scsi 2:0:0:0: Direct-Access     VBOX     HARDDISK         1.0  PQ: 0 ANSI: 5
[    1.761545] scsi target2:0:0: Beginning Domain Validation
[    1.764011] scsi target2:0:0: Domain Validation skipping write tests
[    1.765226] scsi target2:0:0: Ending Domain Validation
[    1.766408] scsi target2:0:0: asynchronous
[    1.767782] scsi 2:0:1:0: Direct-Access     VBOX     HARDDISK         1.0  PQ: 0 ANSI: 5
[    1.769558] scsi target2:0:1: Beginning Domain Validation
[    1.772064] scsi target2:0:1: Domain Validation skipping write tests
[    1.773388] scsi target2:0:1: Ending Domain Validation
[    1.774570] scsi target2:0:1: asynchronous
[    1.780687] sd 2:0:0:0: [sda] 20971520 512-byte logical blocks: (10.7 GB/10.0 GiB)
[    1.780849] sd 2:0:0:0: Attached scsi generic sg0 type 0
[    1.781220] sd 2:0:1:0: Attached scsi generic sg1 type 0
[    1.781463] sd 2:0:1:0: [sdb] 20480 512-byte logical blocks: (10.5 MB/10.0 MiB)
[    1.781652] sd 2:0:1:0: [sdb] Write Protect is off
[    1.781753] sd 2:0:1:0: [sdb] Incomplete mode parameter data
[    1.781755] sd 2:0:1:0: [sdb] Assuming drive cache: write through
[    1.801051] sd 2:0:0:0: [sda] Write Protect is off
[    1.802387] sd 2:0:0:0: [sda] Incomplete mode parameter data
[    1.804013] sd 2:0:0:0: [sda] Assuming drive cache: write through
[    1.807155] sd 2:0:1:0: [sdb] Attached SCSI disk
[    1.818375]  sda: sda1
[    1.820097] sd 2:0:0:0: [sda] Attached SCSI disk
[    2.131214] e1000 0000:00:08.0 eth1: (PCI:33MHz:32-bit) 08:00:27:ce:b1:6a
[    2.132671] e1000 0000:00:08.0 eth1: Intel(R) PRO/1000 Network Connection
[    2.135023] e1000 0000:00:03.0 enp0s3: renamed from eth0
[    2.150823] e1000 0000:00:08.0 enp0s8: renamed from eth1
Begin: Loading essential drivers ... [    3.459819] md: linear personality registered for level -1
[    3.463145] md: multipath personality registered for level -4
[    3.466478] md: raid0 personality registered for level 0
[    3.471246] md: raid1 personality registered for level 1
[    3.547618] raid6: sse2x1   gen() 10793 MB/s
[    3.617572] raid6: sse2x1   xor()  8164 MB/s
[    3.687580] raid6: sse2x2   gen() 13038 MB/s
[    3.754535] raid6: sse2x2   xor()  8394 MB/s
[    3.822319] raid6: sse2x4   gen() 14652 MB/s
[    3.892434] raid6: sse2x4   xor() 10526 MB/s
[    3.958652] raid6: avx2x1   gen() 19116 MB/s
[    4.026304] raid6: avx2x2   gen() 20704 MB/s
[    4.097034] raid6: avx2x4   gen() 26398 MB/s
[    4.098085] raid6: using algorithm avx2x4 gen() 26398 MB/s
[    4.099288] raid6: using avx2x2 recovery algorithm
[    4.101675] xor: automatically using best checksumming function:
[    4.142368]    avx       : 29241.000 MB/sec
[    4.144591] async_tx: api initialized (async)
[    4.156203] md: raid6 personality registered for level 6
[    4.157482] md: raid5 personality registered for level 5
[    4.158808] md: raid4 personality registered for level 4
[    4.166398] md: raid10 personality registered for level 10
done.
Begin: Running /scripts/init-premount ... done.
Begin: Mounting root file system ... Begin: Running /scripts/local-top ... done.
Begin: Running /scripts/local-premount ... [    4.194610] Btrfs loaded
Scanning for Btrfs filesystems
done.
Warning: fsck not present, so skipping root file system
[    4.266615] EXT4-fs (sda1): INFO: recovery required on readonly filesystem
[    4.267882] EXT4-fs (sda1): write access will be enabled during recovery
[    4.595119] EXT4-fs (sda1): orphan cleanup on readonly fs
[    4.619348] EXT4-fs (sda1): 6 orphan inodes deleted
[    4.620465] EXT4-fs (sda1): recovery complete
[    4.622430] EXT4-fs (sda1): mounted filesystem with ordered data mode. Opts: (null)
done.
Begin: Running /scripts/local-bottom ... done.
Begin: Running /scripts/init-bottom ... done.
[    5.115787] random: nonblocking pool is initialized
[    5.149286] systemd[1]: systemd 229 running in system mode. (+PAM +AUDIT +SELINUX +IMA +APPARMOR +SMACK +SYSVINIT +UTMP +LIBCRYPTSETUP +GCRYPT +GNUTLS +ACL +XZ -LZ4 +SECCOMP +BLKID +ELFUTILS +KMOD -IDN)
[    5.153311] systemd[1]: Detected virtualization oracle.
[    5.154662] systemd[1]: Detected architecture x86-64.

Welcome to [1mUbuntu 16.04.6 LTS[0m!

[    5.182870] systemd[1]: Set hostname to <ubuntu-xenial>.
[    6.202156] systemd[1]: Listening on Journal Audit Socket.
[[0;32m  OK  [0m] Listening on Journal Audit Socket.
[    6.204585] systemd[1]: Listening on udev Control Socket.
[[0;32m  OK  [0m] Listening on udev Control Socket.
[    6.214830] systemd[1]: Listening on LVM2 poll daemon socket.
[[0;32m  OK  [0m] Listening on LVM2 poll daemon socket.
[    6.216851] systemd[1]: Reached target Swap.
[[0;32m  OK  [0m] Reached target Swap.
[    6.218597] systemd[1]: Reached target User and Group Name Lookups.
[[0;32m  OK  [0m] Reached target User and Group Name Lookups.
[    6.220664] systemd[1]: Started Forward Password Requests to Wall Directory Watch.
[[0;32m  OK  [0m] Started Forward Password Requests to Wall Directory Watch.
[    6.223505] systemd[1]: Listening on Device-mapper event daemon FIFOs.
[[0;32m  OK  [0m] Listening on Device-mapper event daemon FIFOs.
[    6.225486] systemd[1]: Listening on udev Kernel Socket.
[[0;32m  OK  [0m] Listening on udev Kernel Socket.
[    6.227502] systemd[1]: Created slice System Slice.
[[0;32m  OK  [0m] Created slice System Slice.
[    6.229453] systemd[1]: Created slice system-serial\x2dgetty.slice.
[[0;32m  OK  [0m] Created slice system-serial\x2dgetty.slice.
[    6.231369] systemd[1]: Listening on Journal Socket (/dev/log).
[[0;32m  OK  [0m] Listening on Journal Socket (/dev/log).
[    6.233446] systemd[1]: Created slice User and Session Slice.
[[0;32m  OK  [0m] Created slice User and Session Slice.
[    6.235425] systemd[1]: Set up automount Arbitrary Executable File Formats File System Automount Point.
[[0;32m  OK  [0m] Set up automount Arbitrary Executab...ats File System Automount Point.
[    6.238403] systemd[1]: Reached target System Time Synchronized.
[[0;32m  OK  [0m] Reached target System Time Synchronized.
[    6.240417] systemd[1]: Listening on Syslog Socket.
[[0;32m  OK  [0m] Listening on Syslog Socket.
[    6.241920] systemd[1]: Reached target Encrypted Volumes.
[[0;32m  OK  [0m] Reached target Encrypted Volumes.
[    6.243728] systemd[1]: Reached target Slices.
[[0;32m  OK  [0m] Reached target Slices.
[    6.245278] systemd[1]: Listening on LVM2 metadata daemon socket.
[[0;32m  OK  [0m] Listening on LVM2 metadata daemon socket.
[    6.247316] systemd[1]: Listening on /dev/initctl Compatibility Named Pipe.
[[0;32m  OK  [0m] Listening on /dev/initctl Compatibility Named Pipe.
[    6.254876] systemd[1]: Started Trigger resolvconf update for networkd DNS.
[[0;32m  OK  [0m] Started Trigger resolvconf update for networkd DNS.
[    6.257089] systemd[1]: Listening on Journal Socket.
[[0;32m  OK  [0m] Listening on Journal Socket.
[    6.274636] systemd[1]: Starting Load Kernel Modules...
         Starting Load Kernel Modules...
[    6.283530] systemd[1]: Starting Monitoring of LVM2 mirrors, snapshots etc. using dmeventd or progress polling...
         Starting Monitoring of LVM2 mirrors... dmeventd or progress polling...
[    6.295082] systemd[1]: Starting Nameserver information manager...
         Starting Nameserver information manager...
[    6.303401] systemd[1]: Mounting Huge Pages File System...
         Mounting Huge Pages File System...
[    6.305731] systemd[1]: Starting Set console keymap...
         Starting Set console keymap...
[    6.362674] systemd[1]: Starting Create list of required static device nodes for the current kernel...
         Starting Create list of required st... nodes for the current kernel...
[    6.366427] systemd[1]: Starting Uncomplicated firewall...
         Starting Uncomplicated firewall...
[    6.370183] systemd[1]: Mounting Debug File System...
         Mounting Debug File System...
[    6.372610] systemd[1]: Mounting POSIX Message Queue File System...
         Mounting POSIX Message Queue File System...
[    6.383491] systemd[1]: Starting Journal Service...
         Starting Journal Service...
[    6.386047] systemd[1]: Starting Remount Root and Kernel File Systems...
         Starting Remount Root and Kernel File Systems...
[    6.503943] systemd[1]: Started Create list of required static device nodes for the current kernel.
[[0;32m  OK  [0m] Started Create list of required sta...ce nodes for the current kernel.
[    6.518878] systemd[1]: Starting Create Static Device Nodes in /dev...
         Starting Create Static Device Nodes in /dev...
[    6.551835] systemd[1]: Started Uncomplicated firewall.
[[0;32m  OK  [0m] Started Uncomplicated firewall.
[    6.620244] systemd[1]: Mounted Debug File System.
[    6.621402] EXT4-fs (sda1): re-mounted. Opts: (null)
[[0;32m  OK  [0m] Mounted Debug File System.
[    6.623360] systemd[1]: Mounted Huge Pages File System.
[[0;32m  OK  [0m] Mounted Huge Pages File System.
[    6.625062] systemd[1]: Mounted POSIX Message Queue File System.
[[0;32m  OK  [0m] Mounted POSIX Message Queue File System.
[    6.643407] systemd[1]: Started Remount Root and Kernel File Systems.
[[0;32m  OK  [0m] Started Remount Root and Kernel File Systems.
[    6.647974] Loading iSCSI transport class v2.0-870.
[    6.698003] iscsi: registered transport (tcp)
[    6.750445] systemd[1]: Starting udev Coldplug all Devices...
         Starting udev Coldplug all Devices...
[    6.753117] systemd[1]: Starting Load/Save Random Seed...
         Starting Load/Save Random Seed...
[    6.755738] systemd[1]: Started Nameserver information manager.
[[0;32m  OK  [0m] Started Nameserver information manager.
[    6.921668] systemd[1]: Started Load/Save Random Seed.
[[0;32m  OK  [0m] Started Load/Save Random Seed.
[    6.943344] systemd[1]: Started Set console keymap.
[[0;32m  OK  [0m] Started Set console keymap.
[    6.954158] systemd[1]: Started Journal Service.
[[0;32m  OK  [0m] Started Journal Service.
         Starting Flush Journal to Persistent Storage...
[[0;32m  OK  [0m] Started udev Coldplug all Devices.
[[0;32m  OK  [0m] Started LVM2 metadata daemon.
[    7.043745] systemd-journald[388]: Received request to flush runtime journal from PID 1
[[0;32m  OK  [0m] Started Flush Journal to Persistent Storage.
[    7.087690] iscsi: registered transport (iser)
[[0;32m  OK  [0m] Started Load Kernel Modules.
         Starting Apply Kernel Variables...
         Mounting FUSE Control File System...
[[0;32m  OK  [0m] Mounted FUSE Control File System.
[[0;32m  OK  [0m] Started Apply Kernel Variables.
[[0;32m  OK  [0m] Started Create Static Device Nodes in /dev.
         Starting udev Kernel Device Manager...
[[0;32m  OK  [0m] Started Monitoring of LVM2 mirrors,...ng dmeventd or progress polling.
[[0;32m  OK  [0m] Reached target Local File Systems (Pre).
[[0;32m  OK  [0m] Reached target Local File Systems.
         Starting Initial cloud-init job (pre-networking)...
         Starting Set console font and keymap...
         Starting LSB: AppArmor initialization...
         Starting Tell Plymouth To Write Out Runtime Data...
         Starting Create Volatile Files and Directories...
[[0;32m  OK  [0m] Started Tell Plymouth To Write Out Runtime Data.
[[0;32m  OK  [0m] Started Create Volatile Files and Directories.
         Starting Update UTMP about System Boot/Shutdown...
[[0;32m  OK  [0m] Started Update UTMP about System Boot/Shutdown.
[[0;32m  OK  [0m] Started udev Kernel Device Manager.
[[0;32m  OK  [0m] Started Dispatch Password Requests to Console Directory Watch.
[[0;32m  OK  [0m] Started Set console font and keymap.
[[0;32m  OK  [0m] Created slice system-getty.slice.
[[0;32m  OK  [0m] Found device /dev/ttyS0.
[[0;32m  OK  [0m] Listening on Load/Save RF Kill Switch Status /dev/rfkill Watch.
[[0;32m  OK  [0m] Found device 82540EM Gigabit Ethern...r (PRO/1000 MT Desktop Adapter).
[[0;32m  OK  [0m] Found device 82540EM Gigabit Ethern...r (PRO/1000 MT Desktop Adapter).
[[0;32m  OK  [0m] Started LSB: AppArmor initialization.
[   15.230582] cloud-init[462]: Cloud-init v. 19.1-1-gbaa47854-0ubuntu1~16.04.1 running 'init-local' at Fri, 05 Jul 2019 06:52:50 +0000. Up 14.50 seconds.
[[0;32m  OK  [0m] Started Initial cloud-init job (pre-networking).
[[0;32m  OK  [0m] Reached target Network (Pre).
[[0;32m  OK  [0m] Started ifup for enp0s3.
         Starting Raise network interfaces...
[[0;32m  OK  [0m] Started ifup for enp0s8.
[[0;32m  OK  [0m] Started Raise network interfaces.
[[0;32m  OK  [0m] Reached target Network.
         Starting Initial cloud-init job (metadata service crawler)...
[   16.381216] cloud-init[1079]: Cloud-init v. 19.1-1-gbaa47854-0ubuntu1~16.04.1 running 'init' at Fri, 05 Jul 2019 06:52:51 +0000. Up 15.88 seconds.
[   16.393096] cloud-init[1079]: ci-info: ++++++++++++++++++++++++++++++++++++++Net device info+++++++++++++++++++++++++++++++++++++++
[   16.400812] cloud-init[1079]: ci-info: +--------+------+-----------------------------+---------------+--------+-------------------+
[   16.408656] cloud-init[1079]: ci-info: | Device |  Up  |           Address           |      Mask     | Scope  |     Hw-Address    |
[   16.409913] cloud-init[1079]: ci-info: +--------+------+-----------------------------+---------------+--------+-------------------+
[   16.411045] cloud-init[1079]: ci-info: | enp0s3 | True |          10.0.2.15          | 255.255.255.0 | global | 02:bd:e0:5c:30:55 |
[   16.422409] cloud-init[1079]: ci-info: | enp0s3 | True |  fe80::bd:e0ff:fe5c:3055/64 |       .       |  link  | 02:bd:e0:5c:30:55 |
[[0;32m  OK  [0m] Started Initial cloud-init job (metadata service crawler).
[[0;32m  OK  [0m] Reached target System Initialization.
[[0;32m  OK  [0m] Listening on D-Bus System Message Bus Socket.
[[0;32m  OK  [0m] Started Daily Cleanup of Temporary Directories.
[   16.434961] cloud-init[1079]: ci-info: | enp0s8 | True |        192.168.33.10        | 255.255.255.0 | global | 08:00:27:ce:b1:6a |
[   16.448550] cloud-init[1079]: ci-info: | enp0s8 | True | fe80::a00:27ff:fece:b16a/64 |       .       |  link  | 08:00:27:ce:b1:6a |
[   16.456582] cloud-init[1079]: ci-info: |   lo   | True |          127.0.0.1          |   255.0.0.0   |  host  |         .         |
[[0;32m  OK  [0m] Listening on UUID daemon activation socket.
[   16.470280] cloud-init[1079]: ci-info: |   lo   | True |           ::1/128           |       .       |  host  |         .         |
[   16.472062] cloud-init[1079]: ci-info: +--------+------+-----------------------------+---------------+--------+-------------------+
[   16.473018] cloud-init[1079]: ci-info: ++++++++++++++++++++++++++++Route IPv4 info++++++++++++++++++++++++++++
[   16.473835] cloud-init[1079]: ci-info: +-------+--------------+----------+---------------+-----------+-------+
[   16.474770] cloud-init[1079]: ci-info: | Route | Destination  | Gateway  |    Genmask    | Interface | Flags |
[   16.475695] cloud-init[1079]: ci-info: +-------+--------------+----------+---------------+-----------+-------+
[   16.488632] cloud-init[1079]: ci-info: |   0   |   0.0.0.0    | 10.0.2.2 |    0.0.0.0    |   enp0s3  |   UG  |
         Starting LXD - unix socket.
         [   16.501790] cloud-init[1079]: ci-info: |   1   |   10.0.2.0   | 0.0.0.0  | 255.255.255.0 |   enp0s3  |   U   |
[   16.517748] cloud-init[1079]: ci-info: |   2   | 192.168.33.0 | 0.0.0.0  | 255.255.255.0 |   enp0s8  |   U   |
[   16.517859] cloud-init[1079]: ci-info: +-------+--------------+----------+---------------+-----------+-------+
[   16.518040] cloud-init[1079]: ci-info: +++++++++++++++++++Route IPv6 info+++++++++++++++++++
[   16.518238] cloud-init[1079]: ci-info: +-------+-------------+---------+-----------+-------+
[   16.518397] cloud-init[1079]: ci-info: | Route | Destination | Gateway | Interface | Flags |
[   16.518460] cloud-init[1079]: ci-info: +-------+-------------+---------+-----------+-------+
[   16.518536] cloud-init[1079]: ci-info: |   0   |  fe80::/64  |    ::   |   enp0s8  |   U   |
[   16.518680] cloud-init[1079]: ci-info: |   1   |  fe80::/64  |    ::   |   enp0s3  |   U   |
[   16.518825] cloud-init[1079]: ci-info: |   4   |   ff00::/8  |    ::   |   enp0s8  |   U   |
[   16.519026] cloud-init[1079]: ci-info: |   5   |   ff00::/8  |    ::   |   enp0s3  |   U   |
Starting Socket activation for snappy daemon.
[   16.519200] cloud-init[1079]: ci-info: +-------+-------------+---------+-----------+-------+
[[0;32m  OK  [0m] Started ACPI Events Check.
[[0;32m  OK  [0m] Reached target Paths.
[[0;32m  OK  [0m] Started Daily apt download activities.
[[0;32m  OK  [0m] Started Daily apt upgrade and clean activities.
[[0;32m  OK  [0m] Reached target Timers.
[[0;32m  OK  [0m] Listening on ACPID Listen Socket.
[[0;32m  OK  [0m] Reached target Network is Online.
         Starting iSCSI initiator daemon (iscsid)...
[[0;32m  OK  [0m] Reached target Cloud-config availability.
[[0;32m  OK  [0m] Listening on LXD - unix socket.
[[0;32m  OK  [0m] Listening on Socket activation for snappy daemon.
[[0;32m  OK  [0m] Reached target Sockets.
[[0;32m  OK  [0m] Reached target Basic System.
[[0;32m  OK  [0m] Started FUSE filesystem for LXC.
[[0;32m  OK  [0m] Started Regular background program processing daemon.
         Starting MySQL Community Server...
         Starting LSB: MD monitoring daemon...
         Starting OpenBSD Secure Shell server...
         Starting LSB: Record successful boot for GRUB...
         Starting Snappy daemon...
         Starting Login Service...
         Starting Accounts Service...
[[0;32m  OK  [0m] Started ACPI event daemon.
         Starting /etc/rc.local Compatibility...
         Starting Virtualbox guest utils...
         Starting System Logging Service...
[[0;32m  OK  [0m] Started Deferred execution scheduler.
[[0;32m  OK  [0m] Started D-Bus System Message Bus.
         Starting LXD - container startup/shutdown...
[[0;32m  OK  [0m] Started System Logging Service.
[[0;32m  OK  [0m] Started /etc/rc.local Compatibility.
[[0;32m  OK  [0m] Started Login Service.
[[0;32m  OK  [0m] Started Unattended Upgrades Shutdown.
[[0;32m  OK  [0m] Started OpenBSD Secure Shell server.
[[0;32m  OK  [0m] Started iSCSI initiator daemon (iscsid).
         Starting Login to default iSCSI targets...
[[0;32m  OK  [0m] Started LSB: Record successful boot for GRUB.
[[0;32m  OK  [0m] Started LSB: MD monitoring daemon.
         Starting Authenticate and Authorize Users to Run Privileged Tasks...
[[0;32m  OK  [0m] Started Login to default iSCSI targets.
[[0;32m  OK  [0m] Reached target Remote File Systems (Pre).
[[0;32m  OK  [0m] Reached target Remote File Systems.
         Starting LSB: daemon to balance interrupts for SMP systems...
         Starting LSB: Apache2 web server...
         Starting LSB: automatic crash report generation...
         Starting Permit User Sessions...
         Starting LSB: Set the CPU Frequency Scaling governor to "ondemand"...
[[0;32m  OK  [0m] Started LSB: Set the CPU Frequency Scaling governor to "ondemand".
[[0;32m  OK  [0m] Started Permit User Sessions.
         Starting Hold until boot process finishes up...
         Starting Terminate Plymouth Boot Screen...
[[0;32m  OK  [0m] Started Hold until boot process finishes up.
[[0;32m  OK  [0m] Started Serial Getty on ttyS0.
[[0;32m  OK  [0m] Started Getty on tty1.
[[0;32m  OK  [0m] Reached target Login Prompts.
         Starting Set console scheme...
[[0;32m  OK  [0m] Started Terminate Plymouth Boot Screen.
[[0;32m  OK  [0m] Started LSB: daemon to balance interrupts for SMP systems.
[[0;32m  OK  [0m] Started Set console scheme.
[[0;32m  OK  [0m] Started LSB: automatic crash report generation.
[[0;32m  OK  [0m] Started Virtualbox guest utils.
[[0;32m  OK  [0m] Started Authenticate and Authorize Users to Run Privileged Tasks.
[[0;32m  OK  [0m] Started Accounts Service.
[[0;32m  OK  [0m] Created slice User Slice of vagrant.
         Starting User Manager for UID 1000...
[[0;32m  OK  [0m] Started Session 1 of user vagrant.
[[0;32m  OK  [0m] Started User Manager for UID 1000.

Ubuntu 16.04.6 LTS ubuntu-xenial ttyS0

ubuntu-xenial login: [   28.339516] cloud-init[1454]: Cloud-init v. 19.1-1-gbaa47854-0ubuntu1~16.04.1 running 'modules:config' at Fri, 05 Jul 2019 06:53:03 +0000. Up 27.25 seconds.
[   35.984405] cloud-init[1912]: Cloud-init v. 19.1-1-gbaa47854-0ubuntu1~16.04.1 running 'modules:final' at Fri, 05 Jul 2019 06:53:11 +0000. Up 35.86 seconds.
[   35.984658] cloud-init[1912]: Cloud-init v. 19.1-1-gbaa47854-0ubuntu1~16.04.1 finished at Fri, 05 Jul 2019 06:53:11 +0000. Datasource DataSourceNoCloud [seed=/dev/sdb][dsmode=net].  Up 35.97 seconds
